<?xml version="1.0" encoding="UTF-8"?>
<!-- Generated by org.testng.reporters.JUnitXMLReporter -->
<testsuite ignored="0" hostname="LAPTOP-98L0NV9D" failures="0" tests="3" name="Default test" time="1.08" errors="0" timestamp="2025-11-18T20:55:42 IST">
  <testcase classname="ExcelDriven.dataProvider" name="testCaseData" time="0.014"/>
  <testcase classname="ExcelDriven.dataProvider" name="testCaseData" time="0.003"/>
  <testcase classname="ExcelDriven.dataProvider" name="testCaseData" time="0.001"/>
</testsuite> <!-- Default test -->
