<?xml version="1.0" encoding="UTF-8"?>
<testng-results ignored="0" total="3" passed="3" failed="0" skipped="0">
  <reporter-output>
  </reporter-output>
  <suite started-at="2025-11-18T20:55:41 IST" name="Default suite" finished-at="2025-11-18T20:55:42 IST" duration-ms="1080">
    <groups>
    </groups>
    <test started-at="2025-11-18T20:55:41 IST" name="Default test" finished-at="2025-11-18T20:55:42 IST" duration-ms="1080">
      <class name="ExcelDriven.dataProvider">
        <test-method signature="testCaseData(java.lang.String,java.lang.String,java.lang.String)[pri:0, instance:ExcelDriven.dataProvider@378542de]" started-at="2025-11-18T20:55:42 IST" name="testCaseData" data-provider="drivetest" finished-at="2025-11-18T20:55:42 IST" duration-ms="14" status="PASS">
          <params>
            <param index="0">
              <value>
                <![CDATA[hello]]>
              </value>
            </param>
            <param index="1">
              <value>
                <![CDATA[test]]>
              </value>
            </param>
            <param index="2">
              <value>
                <![CDATA[1]]>
              </value>
            </param>
          </params>
          <reporter-output>
          </reporter-output>
        </test-method> <!-- testCaseData -->
        <test-method signature="testCaseData(java.lang.String,java.lang.String,java.lang.String)[pri:0, instance:ExcelDriven.dataProvider@378542de]" started-at="2025-11-18T20:55:42 IST" name="testCaseData" data-provider="drivetest" finished-at="2025-11-18T20:55:42 IST" duration-ms="3" status="PASS">
          <params>
            <param index="0">
              <value>
                <![CDATA[bye]]>
              </value>
            </param>
            <param index="1">
              <value>
                <![CDATA[message]]>
              </value>
            </param>
            <param index="2">
              <value>
                <![CDATA[143]]>
              </value>
            </param>
          </params>
          <reporter-output>
          </reporter-output>
        </test-method> <!-- testCaseData -->
        <test-method signature="testCaseData(java.lang.String,java.lang.String,java.lang.String)[pri:0, instance:ExcelDriven.dataProvider@378542de]" started-at="2025-11-18T20:55:42 IST" name="testCaseData" data-provider="drivetest" finished-at="2025-11-18T20:55:42 IST" duration-ms="1" status="PASS">
          <params>
            <param index="0">
              <value>
                <![CDATA[solo]]>
              </value>
            </param>
            <param index="1">
              <value>
                <![CDATA[call]]>
              </value>
            </param>
            <param index="2">
              <value>
                <![CDATA[453]]>
              </value>
            </param>
          </params>
          <reporter-output>
          </reporter-output>
        </test-method> <!-- testCaseData -->
      </class> <!-- ExcelDriven.dataProvider -->
    </test> <!-- Default test -->
  </suite> <!-- Default suite -->
</testng-results>
