<?xml version="1.0" encoding="UTF-8"?>
<!-- Generated by org.testng.reporters.JUnitXMLReporter -->
<testsuite ignored="1" hostname="LAPTOP-98L0NV9D" failures="0" tests="1" name="Error validation test" time="5.908" errors="0" timestamp="2025-11-17T09:54:41 IST">
  <testcase classname="seleniumLiveProject.errorValidation" name="loginErrorValidation" time="0.514"/>
  <testcase classname="seleniumLiveProject.errorValidation" name="productErrorValidation" time="0.0">
    <ignored/>
  </testcase> <!-- productErrorValidation -->
</testsuite> <!-- Error validation test -->
