<?xml version="1.0" encoding="UTF-8"?>
<!-- Generated by org.testng.reporters.JUnitReportReporter -->
<testsuite hostname="LAPTOP-98L0NV9D" failures="0" tests="3" name="ExcelDriven.dataProvider" time="0.018" errors="0" timestamp="2025-11-18T20:55:43 IST" skipped="0">
  <testcase classname="ExcelDriven.dataProvider" name="testCaseData" time="0.014"/>
  <testcase classname="ExcelDriven.dataProvider" name="testCaseData" time="0.001"/>
  <testcase classname="ExcelDriven.dataProvider" name="testCaseData" time="0.003"/>
</testsuite> <!-- ExcelDriven.dataProvider -->
